2018-08-05T09:53:01.694038Z 0 [System] [MY-010116] [Server] /usr/local/mysql/bin/mysqld (mysqld 8.0.11) starting as process 2820
2018-08-05T09:53:03.352737Z 0 [System] [MY-010229] [Server] Starting crash recovery...
2018-08-05T09:53:03.352931Z 0 [System] [MY-010232] [Server] Crash recovery finished.
2018-08-05T09:53:03.385805Z 0 [Warning] [MY-010068] [Server] CA certificate ca.pem is self signed.
2018-08-05T09:53:03.439681Z 0 [System] [MY-010931] [Server] /usr/local/mysql/bin/mysqld: ready for connections. Version: '8.0.11'  socket: '/tmp/mysql.sock'  port: 3306  MySQL Community Server - GPL.
2870:C 05 Aug 17:53:27.126 # oO0OoO0OoO0Oo Redis is starting oO0OoO0OoO0Oo
2870:C 05 Aug 17:53:27.126 # Redis version=4.0.9, bits=64, commit=00000000, modified=0, pid=2870, just started
2870:C 05 Aug 17:53:27.126 # Configuration loaded
2870:M 05 Aug 17:53:27.127 * Increased maximum number of open files to 10032 (it was originally set to 1024).
                _._                                                  
           _.-``__ ''-._                                             
      _.-``    `.  `_.  ''-._           Redis 4.0.9 (00000000/0) 64 bit
  .-`` .-```.  ```\/    _.,_ ''-._                                   
 (    '      ,       .-`  | `,    )     Running in standalone mode
 |`-._`-...-` __...-.``-._|'` _.-'|     Port: 6379
 |    `-._   `._    /     _.-'    |     PID: 2870
  `-._    `-._  `-./  _.-'    _.-'                                   
 |`-._`-._    `-.__.-'    _.-'_.-'|                                  
 |    `-._`-._        _.-'_.-'    |           http://redis.io        
  `-._    `-._`-.__.-'_.-'    _.-'                                   
 |`-._`-._    `-.__.-'    _.-'_.-'|                                  
 |    `-._`-._        _.-'_.-'    |                                  
  `-._    `-._`-.__.-'_.-'    _.-'                                   
      `-._    `-.__.-'    _.-'                                       
          `-._        _.-'                                           
              `-.__.-'                                               

2870:M 05 Aug 17:53:27.132 # WARNING: The TCP backlog setting of 511 cannot be enforced because /proc/sys/net/core/somaxconn is set to the lower value of 128.
2870:M 05 Aug 17:53:27.132 # Server initialized
2870:M 05 Aug 17:53:27.132 # WARNING overcommit_memory is set to 0! Background save may fail under low memory condition. To fix this issue add 'vm.overcommit_memory = 1' to /etc/sysctl.conf and then reboot or run the command 'sysctl vm.overcommit_memory=1' for this to take effect.
2870:M 05 Aug 17:53:27.132 # WARNING you have Transparent Huge Pages (THP) support enabled in your kernel. This will create latency and memory usage issues with Redis. To fix this issue run the command 'echo never > /sys/kernel/mm/transparent_hugepage/enabled' as root, and add it to your /etc/rc.local in order to retain the setting after a reboot. Redis must be restarted after THP is disabled.
2870:M 05 Aug 17:53:27.132 * Ready to accept connections
2870:M 05 Aug 17:59:45.937 * 10 changes in 300 seconds. Saving...
2870:M 05 Aug 17:59:45.937 * Background saving started by pid 2890
2890:C 05 Aug 17:59:45.949 * DB saved on disk
2890:C 05 Aug 17:59:45.949 * RDB: 0 MB of memory used by copy-on-write
2870:M 05 Aug 17:59:46.038 * Background saving terminated with success
2870:M 05 Aug 18:07:26.928 * 10 changes in 300 seconds. Saving...
2870:M 05 Aug 18:07:26.928 * Background saving started by pid 2898
2898:C 05 Aug 18:07:26.929 * DB saved on disk
2898:C 05 Aug 18:07:26.929 * RDB: 0 MB of memory used by copy-on-write
2870:M 05 Aug 18:07:27.029 * Background saving terminated with success
2870:M 05 Aug 18:13:52.904 * 10 changes in 300 seconds. Saving...
2870:M 05 Aug 18:13:52.904 * Background saving started by pid 2901
2901:C 05 Aug 18:13:52.905 * DB saved on disk
2901:C 05 Aug 18:13:52.906 * RDB: 0 MB of memory used by copy-on-write
2870:M 05 Aug 18:13:53.005 * Background saving terminated with success
2870:M 05 Aug 19:09:09.958 * 1 changes in 900 seconds. Saving...
2870:M 05 Aug 19:09:09.958 * Background saving started by pid 2996
2996:C 05 Aug 19:09:09.959 * DB saved on disk
2996:C 05 Aug 19:09:09.960 * RDB: 0 MB of memory used by copy-on-write
2870:M 05 Aug 19:09:10.059 * Background saving terminated with success
2870:M 05 Aug 19:14:11.095 * 10 changes in 300 seconds. Saving...
2870:M 05 Aug 19:14:11.095 * Background saving started by pid 2999
2999:C 05 Aug 19:14:11.096 * DB saved on disk
2999:C 05 Aug 19:14:11.097 * RDB: 0 MB of memory used by copy-on-write
2870:M 05 Aug 19:14:11.196 * Background saving terminated with success
2870:M 05 Aug 19:19:12.002 * 10 changes in 300 seconds. Saving...
2870:M 05 Aug 19:19:12.002 * Background saving started by pid 3006
3006:C 05 Aug 19:19:12.003 * DB saved on disk
3006:C 05 Aug 19:19:12.003 * RDB: 0 MB of memory used by copy-on-write
2870:M 05 Aug 19:19:12.102 * Background saving terminated with success
2870:M 05 Aug 19:25:20.120 * 10 changes in 300 seconds. Saving...
2870:M 05 Aug 19:25:20.121 * Background saving started by pid 3021
3021:C 05 Aug 19:25:20.122 * DB saved on disk
3021:C 05 Aug 19:25:20.123 * RDB: 0 MB of memory used by copy-on-write
2870:M 05 Aug 19:25:20.222 * Background saving terminated with success
2870:M 05 Aug 19:40:21.093 * 1 changes in 900 seconds. Saving...
2870:M 05 Aug 19:40:21.093 * Background saving started by pid 3048
3048:C 05 Aug 19:40:21.094 * DB saved on disk
3048:C 05 Aug 19:40:21.094 * RDB: 0 MB of memory used by copy-on-write
2870:M 05 Aug 19:40:21.194 * Background saving terminated with success
2870:M 05 Aug 19:55:22.047 * 1 changes in 900 seconds. Saving...
2870:M 05 Aug 19:55:22.048 * Background saving started by pid 3173
3173:C 05 Aug 19:55:22.052 * DB saved on disk
3173:C 05 Aug 19:55:22.054 * RDB: 0 MB of memory used by copy-on-write
2870:M 05 Aug 19:55:22.148 * Background saving terminated with success
2870:M 05 Aug 20:02:48.163 * 10 changes in 300 seconds. Saving...
2870:M 05 Aug 20:02:48.163 * Background saving started by pid 3189
3189:C 05 Aug 20:02:48.164 * DB saved on disk
3189:C 05 Aug 20:02:48.164 * RDB: 0 MB of memory used by copy-on-write
2870:M 05 Aug 20:02:48.264 * Background saving terminated with success
2870:M 05 Aug 20:17:49.100 * 1 changes in 900 seconds. Saving...
2870:M 05 Aug 20:17:49.100 * Background saving started by pid 3298
3298:C 05 Aug 20:17:49.101 * DB saved on disk
3298:C 05 Aug 20:17:49.101 * RDB: 0 MB of memory used by copy-on-write
2870:M 05 Aug 20:17:49.201 * Background saving terminated with success
2870:M 05 Aug 20:32:50.027 * 1 changes in 900 seconds. Saving...
2870:M 05 Aug 20:32:50.028 * Background saving started by pid 3322
3322:C 05 Aug 20:32:50.029 * DB saved on disk
3322:C 05 Aug 20:32:50.029 * RDB: 0 MB of memory used by copy-on-write
2870:M 05 Aug 20:32:50.129 * Background saving terminated with success
2870:M 05 Aug 20:44:04.165 * 10 changes in 300 seconds. Saving...
2870:M 05 Aug 20:44:04.165 * Background saving started by pid 3343
3343:C 05 Aug 20:44:04.167 * DB saved on disk
3343:C 05 Aug 20:44:04.167 * RDB: 0 MB of memory used by copy-on-write
2870:M 05 Aug 20:44:04.266 * Background saving terminated with success
2870:M 05 Aug 20:49:05.079 * 10 changes in 300 seconds. Saving...
2870:M 05 Aug 20:49:05.079 * Background saving started by pid 3347
3347:C 05 Aug 20:49:05.081 * DB saved on disk
3347:C 05 Aug 20:49:05.081 * RDB: 0 MB of memory used by copy-on-write
2870:M 05 Aug 20:49:05.181 * Background saving terminated with success
2870:M 05 Aug 20:54:06.090 * 10 changes in 300 seconds. Saving...
2870:M 05 Aug 20:54:06.091 * Background saving started by pid 3349
3349:C 05 Aug 20:54:06.091 * DB saved on disk
3349:C 05 Aug 20:54:06.092 * RDB: 0 MB of memory used by copy-on-write
2870:M 05 Aug 20:54:06.193 * Background saving terminated with success
2870:M 05 Aug 20:59:07.081 * 10 changes in 300 seconds. Saving...
2870:M 05 Aug 20:59:07.081 * Background saving started by pid 3363
3363:C 05 Aug 20:59:07.083 * DB saved on disk
3363:C 05 Aug 20:59:07.083 * RDB: 0 MB of memory used by copy-on-write
2870:M 05 Aug 20:59:07.182 * Background saving terminated with success
2870:M 05 Aug 21:04:08.092 * 10 changes in 300 seconds. Saving...
2870:M 05 Aug 21:04:08.092 * Background saving started by pid 3368
3368:C 05 Aug 21:04:08.100 * DB saved on disk
3368:C 05 Aug 21:04:08.102 * RDB: 0 MB of memory used by copy-on-write
2870:M 05 Aug 21:04:08.194 * Background saving terminated with success
2870:M 05 Aug 21:09:09.046 * 10 changes in 300 seconds. Saving...
2870:M 05 Aug 21:09:09.047 * Background saving started by pid 3381
3381:C 05 Aug 21:09:09.048 * DB saved on disk
3381:C 05 Aug 21:09:09.048 * RDB: 0 MB of memory used by copy-on-write
2870:M 05 Aug 21:09:09.147 * Background saving terminated with success
2870:M 05 Aug 21:14:10.048 * 10 changes in 300 seconds. Saving...
2870:M 05 Aug 21:14:10.049 * Background saving started by pid 3383
3383:C 05 Aug 21:14:10.054 * DB saved on disk
3383:C 05 Aug 21:14:10.056 * RDB: 0 MB of memory used by copy-on-write
2870:M 05 Aug 21:14:10.151 * Background saving terminated with success
2870:M 05 Aug 21:19:11.074 * 10 changes in 300 seconds. Saving...
2870:M 05 Aug 21:19:11.074 * Background saving started by pid 3389
3389:C 05 Aug 21:19:11.076 * DB saved on disk
3389:C 05 Aug 21:19:11.076 * RDB: 0 MB of memory used by copy-on-write
2870:M 05 Aug 21:19:11.175 * Background saving terminated with success
2870:M 05 Aug 21:24:12.067 * 10 changes in 300 seconds. Saving...
2870:M 05 Aug 21:24:12.068 * Background saving started by pid 3403
3403:C 05 Aug 21:24:12.089 * DB saved on disk
3403:C 05 Aug 21:24:12.089 * RDB: 0 MB of memory used by copy-on-write
2870:M 05 Aug 21:24:12.168 * Background saving terminated with success
2870:M 05 Aug 21:29:13.037 * 10 changes in 300 seconds. Saving...
2870:M 05 Aug 21:29:13.037 * Background saving started by pid 3406
3406:C 05 Aug 21:29:13.040 * DB saved on disk
3406:C 05 Aug 21:29:13.040 * RDB: 0 MB of memory used by copy-on-write
2870:M 05 Aug 21:29:13.139 * Background saving terminated with success
2870:M 05 Aug 21:34:14.041 * 10 changes in 300 seconds. Saving...
2870:M 05 Aug 21:34:14.041 * Background saving started by pid 3408
3408:C 05 Aug 21:34:14.042 * DB saved on disk
3408:C 05 Aug 21:34:14.043 * RDB: 0 MB of memory used by copy-on-write
2870:M 05 Aug 21:34:14.142 * Background saving terminated with success
2870:M 05 Aug 21:42:38.108 * 10 changes in 300 seconds. Saving...
2870:M 05 Aug 21:42:38.108 * Background saving started by pid 3424
3424:C 05 Aug 21:42:38.110 * DB saved on disk
3424:C 05 Aug 21:42:38.110 * RDB: 0 MB of memory used by copy-on-write
2870:M 05 Aug 21:42:38.209 * Background saving terminated with success
2870:M 05 Aug 21:50:52.580 * 10 changes in 300 seconds. Saving...
2870:M 05 Aug 21:50:52.580 * Background saving started by pid 3450
3450:C 05 Aug 21:50:52.582 * DB saved on disk
3450:C 05 Aug 21:50:52.582 * RDB: 0 MB of memory used by copy-on-write
2870:M 05 Aug 21:50:52.681 * Background saving terminated with success
2870:M 05 Aug 21:55:53.067 * 10 changes in 300 seconds. Saving...
2870:M 05 Aug 21:55:53.067 * Background saving started by pid 3454
3454:C 05 Aug 21:55:53.069 * DB saved on disk
3454:C 05 Aug 21:55:53.069 * RDB: 0 MB of memory used by copy-on-write
2870:M 05 Aug 21:55:53.168 * Background saving terminated with success
2870:M 05 Aug 22:00:54.092 * 10 changes in 300 seconds. Saving...
2870:M 05 Aug 22:00:54.092 * Background saving started by pid 3463
3463:C 05 Aug 22:00:54.093 * DB saved on disk
3463:C 05 Aug 22:00:54.093 * RDB: 0 MB of memory used by copy-on-write
2870:M 05 Aug 22:00:54.193 * Background saving terminated with success
2870:M 05 Aug 22:05:55.002 * 10 changes in 300 seconds. Saving...
2870:M 05 Aug 22:05:55.002 * Background saving started by pid 3485
3485:C 05 Aug 22:05:55.004 * DB saved on disk
3485:C 05 Aug 22:05:55.004 * RDB: 0 MB of memory used by copy-on-write
2870:M 05 Aug 22:05:55.103 * Background saving terminated with success
2870:M 05 Aug 22:17:53.113 * 10 changes in 300 seconds. Saving...
2870:M 05 Aug 22:17:53.114 * Background saving started by pid 3503
3503:C 05 Aug 22:17:53.115 * DB saved on disk
3503:C 05 Aug 22:17:53.115 * RDB: 0 MB of memory used by copy-on-write
2870:M 05 Aug 22:17:53.214 * Background saving terminated with success
2870:M 05 Aug 22:22:54.017 * 10 changes in 300 seconds. Saving...
2870:M 05 Aug 22:22:54.018 * Background saving started by pid 3506
3506:C 05 Aug 22:22:54.019 * DB saved on disk
3506:C 05 Aug 22:22:54.019 * RDB: 0 MB of memory used by copy-on-write
2870:M 05 Aug 22:22:54.118 * Background saving terminated with success
2870:M 05 Aug 22:27:55.066 * 10 changes in 300 seconds. Saving...
2870:M 05 Aug 22:27:55.066 * Background saving started by pid 3692
3692:C 05 Aug 22:27:55.067 * DB saved on disk
3692:C 05 Aug 22:27:55.067 * RDB: 0 MB of memory used by copy-on-write
2870:M 05 Aug 22:27:55.166 * Background saving terminated with success
2870:M 05 Aug 22:36:46.092 * 10 changes in 300 seconds. Saving...
2870:M 05 Aug 22:36:46.092 * Background saving started by pid 3704
3704:C 05 Aug 22:36:46.095 * DB saved on disk
3704:C 05 Aug 22:36:46.096 * RDB: 0 MB of memory used by copy-on-write
2870:M 05 Aug 22:36:46.192 * Background saving terminated with success
2870:M 05 Aug 22:41:47.012 * 10 changes in 300 seconds. Saving...
2870:M 05 Aug 22:41:47.012 * Background saving started by pid 3706
3706:C 05 Aug 22:41:47.013 * DB saved on disk
3706:C 05 Aug 22:41:47.014 * RDB: 0 MB of memory used by copy-on-write
2870:M 05 Aug 22:41:47.114 * Background saving terminated with success
2870:M 05 Aug 22:46:48.015 * 10 changes in 300 seconds. Saving...
2870:M 05 Aug 22:46:48.015 * Background saving started by pid 3720
3720:C 05 Aug 22:46:48.017 * DB saved on disk
3720:C 05 Aug 22:46:48.018 * RDB: 0 MB of memory used by copy-on-write
2870:M 05 Aug 22:46:48.116 * Background saving terminated with success
2870:M 05 Aug 23:00:03.200 * 10 changes in 300 seconds. Saving...
2870:M 05 Aug 23:00:03.200 * Background saving started by pid 3739
3739:C 05 Aug 23:00:03.202 * DB saved on disk
3739:C 05 Aug 23:00:03.203 * RDB: 0 MB of memory used by copy-on-write
2870:M 05 Aug 23:00:03.301 * Background saving terminated with success
2870:M 05 Aug 23:15:04.084 * 1 changes in 900 seconds. Saving...
2870:M 05 Aug 23:15:04.085 * Background saving started by pid 3828
3828:C 05 Aug 23:15:04.093 * DB saved on disk
3828:C 05 Aug 23:15:04.094 * RDB: 0 MB of memory used by copy-on-write
2870:M 05 Aug 23:15:04.186 * Background saving terminated with success
2870:M 05 Aug 23:53:49.525 * 1 changes in 900 seconds. Saving...
2870:M 05 Aug 23:53:49.526 * Background saving started by pid 3888
3888:C 05 Aug 23:53:49.527 * DB saved on disk
3888:C 05 Aug 23:53:49.527 * RDB: 0 MB of memory used by copy-on-write
2870:M 05 Aug 23:53:49.626 * Background saving terminated with success
2870:M 06 Aug 00:06:58.103 * 10 changes in 300 seconds. Saving...
2870:M 06 Aug 00:06:58.103 * Background saving started by pid 4170
4170:C 06 Aug 00:06:58.113 * DB saved on disk
4170:C 06 Aug 00:06:58.113 * RDB: 0 MB of memory used by copy-on-write
2870:M 06 Aug 00:06:58.203 * Background saving terminated with success
2870:M 06 Aug 00:16:27.188 * 10 changes in 300 seconds. Saving...
2870:M 06 Aug 00:16:27.188 * Background saving started by pid 4204
4204:C 06 Aug 00:16:27.200 * DB saved on disk
4204:C 06 Aug 00:16:27.200 * RDB: 0 MB of memory used by copy-on-write
2870:M 06 Aug 00:16:27.289 * Background saving terminated with success
2870:M 06 Aug 00:21:52.531 * 10 changes in 300 seconds. Saving...
2870:M 06 Aug 00:21:52.532 * Background saving started by pid 4215
4215:C 06 Aug 00:21:52.534 * DB saved on disk
4215:C 06 Aug 00:21:52.534 * RDB: 0 MB of memory used by copy-on-write
2870:M 06 Aug 00:21:52.632 * Background saving terminated with success
2870:M 06 Aug 00:29:22.401 * 10 changes in 300 seconds. Saving...
2870:M 06 Aug 00:29:22.401 * Background saving started by pid 4372
4372:C 06 Aug 00:29:22.411 * DB saved on disk
4372:C 06 Aug 00:29:22.412 * RDB: 0 MB of memory used by copy-on-write
2870:M 06 Aug 00:29:22.503 * Background saving terminated with success
2870:M 06 Aug 09:43:10.194 * 1 changes in 900 seconds. Saving...
2870:M 06 Aug 09:43:10.195 * Background saving started by pid 4430
4430:C 06 Aug 09:43:10.213 * DB saved on disk
4430:C 06 Aug 09:43:10.213 * RDB: 0 MB of memory used by copy-on-write
2870:M 06 Aug 09:43:10.295 * Background saving terminated with success
2870:M 06 Aug 09:58:11.008 * 1 changes in 900 seconds. Saving...
2870:M 06 Aug 09:58:11.009 * Background saving started by pid 4967
4967:C 06 Aug 09:58:11.023 * DB saved on disk
4967:C 06 Aug 09:58:11.024 * RDB: 0 MB of memory used by copy-on-write
2870:M 06 Aug 09:58:11.110 * Background saving terminated with success
2870:M 06 Aug 10:13:12.050 * 1 changes in 900 seconds. Saving...
2870:M 06 Aug 10:13:12.051 * Background saving started by pid 5524
5524:C 06 Aug 10:13:12.054 * DB saved on disk
5524:C 06 Aug 10:13:12.055 * RDB: 0 MB of memory used by copy-on-write
2870:M 06 Aug 10:13:12.152 * Background saving terminated with success
2870:M 06 Aug 10:26:27.663 * 10 changes in 300 seconds. Saving...
2870:M 06 Aug 10:26:27.664 * Background saving started by pid 5547
5547:C 06 Aug 10:26:27.666 * DB saved on disk
5547:C 06 Aug 10:26:27.667 * RDB: 0 MB of memory used by copy-on-write
2870:M 06 Aug 10:26:27.764 * Background saving terminated with success
2870:M 06 Aug 10:37:41.351 * 10 changes in 300 seconds. Saving...
2870:M 06 Aug 10:37:41.351 * Background saving started by pid 5565
5565:C 06 Aug 10:37:41.357 * DB saved on disk
5565:C 06 Aug 10:37:41.358 * RDB: 0 MB of memory used by copy-on-write
2870:M 06 Aug 10:37:41.452 * Background saving terminated with success
2870:M 06 Aug 10:42:42.003 * 10 changes in 300 seconds. Saving...
2870:M 06 Aug 10:42:42.004 * Background saving started by pid 5578
5578:C 06 Aug 10:42:42.010 * DB saved on disk
5578:C 06 Aug 10:42:42.011 * RDB: 0 MB of memory used by copy-on-write
2870:M 06 Aug 10:42:42.105 * Background saving terminated with success
2870:M 06 Aug 12:06:08.390 * 1 changes in 900 seconds. Saving...
2870:M 06 Aug 12:06:08.391 * Background saving started by pid 5689
5689:C 06 Aug 12:06:08.396 * DB saved on disk
5689:C 06 Aug 12:06:08.397 * RDB: 0 MB of memory used by copy-on-write
2870:M 06 Aug 12:06:08.491 * Background saving terminated with success
2870:M 06 Aug 21:03:07.975 * 1 changes in 900 seconds. Saving...
2870:M 06 Aug 21:03:07.998 * Background saving started by pid 5748
5748:C 06 Aug 21:03:08.231 * DB saved on disk
5748:C 06 Aug 21:03:08.232 * RDB: 0 MB of memory used by copy-on-write
2870:M 06 Aug 21:03:08.310 * Background saving terminated with success
